  HookInit.cpp
C:\Users\orhan\Documents\GitHub\AuthExtended\source\StringHelpers.h(8,31): warning C4267: 'initializing': conversion from 'size_t' to 'int', possible loss of data
C:\Users\orhan\Documents\GitHub\AuthExtended\source\StringHelpers.h(9,31): warning C4267: 'initializing': conversion from 'size_t' to 'int', possible loss of data
C:\Users\orhan\Documents\GitHub\AuthExtended\source\StringHelpers.h(19,31): warning C4267: 'initializing': conversion from 'size_t' to 'int', possible loss of data
C:\Users\orhan\Documents\GitHub\AuthExtended\source\StringHelpers.h(20,31): warning C4267: 'initializing': conversion from 'size_t' to 'int', possible loss of data
C:\Users\orhan\Documents\GitHub\AuthExtended\source\StringHelpers.h(33,13): warning C4267: 'return': conversion from 'size_t' to 'int', possible loss of data
C:\Users\orhan\Documents\GitHub\AuthExtended\source\StringHelpers.h(43,13): warning C4267: 'return': conversion from 'size_t' to 'int', possible loss of data
C:\Users\orhan\Documents\GitHub\AuthExtended\source\StringHelpers.h(50,26): warning C4267: 'initializing': conversion from 'size_t' to 'int', possible loss of data
C:\Users\orhan\Documents\GitHub\AuthExtended\source\StringHelpers.h(60,31): warning C4267: 'initializing': conversion from 'size_t' to 'int', possible loss of data
C:\Users\orhan\Documents\GitHub\AuthExtended\source\StringHelpers.h(76,44): warning C4267: '=': conversion from 'size_t' to 'int', possible loss of data
C:\Users\orhan\Documents\GitHub\AuthExtended\source\StringHelpers.h(123,13): warning C4245: '=': conversion from 'int' to 'size_t', signed/unsigned mismatch
C:\Users\orhan\Documents\GitHub\AuthExtended\source\StringHelpers.h(140,16): warning C4245: '=': conversion from 'int' to 'size_t', signed/unsigned mismatch
C:\Users\orhan\Documents\GitHub\AuthExtended\source\StringHelpers.h(212,27): warning C4267: '=': conversion from 'size_t' to '_Ty', possible loss of data
          with
          [
              _Ty=int
          ]
C:\Users\orhan\Documents\GitHub\AuthExtended\source\Utils\PatternScan.h(7,11): warning C4189: 'instruction_end': local variable is initialized but not referenced
C:\Users\orhan\Documents\GitHub\AuthExtended\build\Nodes\AuthNodeSystemSpeed.h(11,95): warning C4100: 'unk': unreferenced formal parameter
C:\Users\orhan\Documents\GitHub\AuthExtended\build\Nodes\AuthNodeSystemSpeed.h(11,74): warning C4100: 'matrix': unreferenced formal parameter
C:\Users\orhan\Documents\GitHub\AuthExtended\build\Nodes\AuthNodeSystemSpeed.h(11,62): warning C4100: 'tick': unreferenced formal parameter
D:\Program Files\Microsoft Visual Studio\2022\Community\VC\Tools\MSVC\14.33.31629\include\xstring(2824,53): warning C4244: 'argument': conversion from 'wchar_t' to 'const _Elem', possible loss of data
          with
          [
              _Elem=char
          ]
D:\Program Files\Microsoft Visual Studio\2022\Community\VC\Tools\MSVC\14.33.31629\include\xstring(2664): message : see reference to function template instantiation 'void std::basic_string<char,std::char_traits<char>,std::allocator<char>>::_Construct_from_iter<wchar_t*>(_Iter,const _Iter)' being compiled
          with
          [
              _Iter=wchar_t *
          ]
D:\Program Files\Microsoft Visual Studio\2022\Community\VC\Tools\MSVC\14.33.31629\include\xstring(2664): message : see reference to function template instantiation 'void std::basic_string<char,std::char_traits<char>,std::allocator<char>>::_Construct_from_iter<wchar_t*>(_Iter,const _Iter)' being compiled
          with
          [
              _Iter=wchar_t *
          ]
C:\Users\orhan\Documents\GitHub\AuthExtended\build\Globals.h(36): message : see reference to function template instantiation 'std::basic_string<char,std::char_traits<char>,std::allocator<char>>::basic_string<std::_String_iterator<std::_String_val<std::_Simple_types<_Elem>>>,0>(_Iter,_Iter,const _Alloc &)' being compiled
          with
          [
              _Elem=wchar_t,
              _Iter=std::_String_iterator<std::_String_val<std::_Simple_types<wchar_t>>>,
              _Alloc=std::allocator<char>
          ]
C:\Users\orhan\Documents\GitHub\AuthExtended\build\Globals.h(36): message : see reference to function template instantiation 'std::basic_string<char,std::char_traits<char>,std::allocator<char>>::basic_string<std::_String_iterator<std::_String_val<std::_Simple_types<_Elem>>>,0>(_Iter,_Iter,const _Alloc &)' being compiled
          with
          [
              _Elem=wchar_t,
              _Iter=std::_String_iterator<std::_String_val<std::_Simple_types<wchar_t>>>,
              _Alloc=std::allocator<char>
          ]
C:\Users\orhan\Documents\GitHub\AuthExtended\source\StringHelpers.h(6,13): warning C4505: 'startsWith': unreferenced function with internal linkage has been removed
C:\Users\orhan\Documents\GitHub\AuthExtended\source\StringHelpers.h(28,12): warning C4505: 'firstIndexOf': unreferenced function with internal linkage has been removed
C:\Users\orhan\Documents\GitHub\AuthExtended\source\StringHelpers.h(58,12): warning C4505: 'lastIndexOf': unreferenced function with internal linkage has been removed
C:\Users\orhan\Documents\GitHub\AuthExtended\source\StringHelpers.h(68,12): warning C4505: 'nthIndexOf': unreferenced function with internal linkage has been removed
C:\Users\orhan\Documents\GitHub\AuthExtended\source\StringHelpers.h(103,15): warning C4505: 'replaceEnd': unreferenced function with internal linkage has been removed
C:\Users\orhan\Documents\GitHub\AuthExtended\source\StringHelpers.h(115,15): warning C4505: 'pathWithoutFilename': unreferenced function with internal linkage has been removed
C:\Users\orhan\Documents\GitHub\AuthExtended\source\StringHelpers.h(155,15): warning C4505: 'basenameNoExt': unreferenced function with internal linkage has been removed
C:\Users\orhan\Documents\GitHub\AuthExtended\source\StringHelpers.h(167,15): warning C4505: 'headname': unreferenced function with internal linkage has been removed
C:\Users\orhan\Documents\GitHub\AuthExtended\source\StringHelpers.h(189,20): warning C4505: 'splitPath': unreferenced function with internal linkage has been removed
  Parless.cpp
C:\Users\orhan\Documents\GitHub\AuthExtended\source\StringHelpers.h(8,31): warning C4267: 'initializing': conversion from 'size_t' to 'int', possible loss of data
C:\Users\orhan\Documents\GitHub\AuthExtended\source\StringHelpers.h(9,31): warning C4267: 'initializing': conversion from 'size_t' to 'int', possible loss of data
C:\Users\orhan\Documents\GitHub\AuthExtended\source\StringHelpers.h(19,31): warning C4267: 'initializing': conversion from 'size_t' to 'int', possible loss of data
C:\Users\orhan\Documents\GitHub\AuthExtended\source\StringHelpers.h(20,31): warning C4267: 'initializing': conversion from 'size_t' to 'int', possible loss of data
C:\Users\orhan\Documents\GitHub\AuthExtended\source\StringHelpers.h(33,13): warning C4267: 'return': conversion from 'size_t' to 'int', possible loss of data
C:\Users\orhan\Documents\GitHub\AuthExtended\source\StringHelpers.h(43,13): warning C4267: 'return': conversion from 'size_t' to 'int', possible loss of data
C:\Users\orhan\Documents\GitHub\AuthExtended\source\StringHelpers.h(50,26): warning C4267: 'initializing': conversion from 'size_t' to 'int', possible loss of data
C:\Users\orhan\Documents\GitHub\AuthExtended\source\StringHelpers.h(60,31): warning C4267: 'initializing': conversion from 'size_t' to 'int', possible loss of data
C:\Users\orhan\Documents\GitHub\AuthExtended\source\StringHelpers.h(76,44): warning C4267: '=': conversion from 'size_t' to 'int', possible loss of data
C:\Users\orhan\Documents\GitHub\AuthExtended\source\StringHelpers.h(123,13): warning C4245: '=': conversion from 'int' to 'size_t', signed/unsigned mismatch
C:\Users\orhan\Documents\GitHub\AuthExtended\source\StringHelpers.h(140,16): warning C4245: '=': conversion from 'int' to 'size_t', signed/unsigned mismatch
C:\Users\orhan\Documents\GitHub\AuthExtended\source\StringHelpers.h(212,27): warning C4267: '=': conversion from 'size_t' to '_Ty', possible loss of data
          with
          [
              _Ty=int
          ]
C:\Users\orhan\Documents\GitHub\AuthExtended\source\Parless.cpp(141,55): warning C4267: 'argument': conversion from 'size_t' to 'int', possible loss of data
C:\Users\orhan\Documents\GitHub\AuthExtended\source\Parless.cpp(152,59): warning C4267: 'argument': conversion from 'size_t' to 'int', possible loss of data
C:\Users\orhan\Documents\GitHub\AuthExtended\source\Parless.cpp(157,71): warning C4267: 'argument': conversion from 'size_t' to 'int', possible loss of data
C:\Users\orhan\Documents\GitHub\AuthExtended\source\Parless.cpp(164,85): warning C4267: 'argument': conversion from 'size_t' to 'int', possible loss of data
C:\Users\orhan\Documents\GitHub\AuthExtended\source\Parless.cpp(207,78): warning C4267: '=': conversion from 'size_t' to 'int', possible loss of data
C:\Users\orhan\Documents\GitHub\AuthExtended\source\Parless.cpp(239,115): warning C4244: '=': conversion from 'int' to 'char', possible loss of data
C:\Users\orhan\Documents\GitHub\AuthExtended\source\Parless.cpp(128,15): warning C4101: 'datapath': unreferenced local variable
C:\Users\orhan\Documents\GitHub\AuthExtended\source\Parless.cpp(309,55): warning C4267: 'argument': conversion from 'size_t' to 'int', possible loss of data
C:\Users\orhan\Documents\GitHub\AuthExtended\source\Parless.cpp(320,59): warning C4267: 'argument': conversion from 'size_t' to 'int', possible loss of data
C:\Users\orhan\Documents\GitHub\AuthExtended\source\Parless.cpp(325,71): warning C4267: 'argument': conversion from 'size_t' to 'int', possible loss of data
C:\Users\orhan\Documents\GitHub\AuthExtended\source\Parless.cpp(334,115): warning C4244: '=': conversion from 'int' to 'char', possible loss of data
C:\Users\orhan\Documents\GitHub\AuthExtended\source\Parless.cpp(456,33): warning C4267: 'return': conversion from 'size_t' to 'int', possible loss of data
C:\Users\orhan\Documents\GitHub\AuthExtended\source\Parless.cpp(549,27): warning C4018: '<': signed/unsigned mismatch
C:\Users\orhan\Documents\GitHub\AuthExtended\source\Parless.cpp(563,27): warning C4018: '<': signed/unsigned mismatch
C:\Users\orhan\Documents\GitHub\AuthExtended\source\Parless.cpp(577,27): warning C4018: '<': signed/unsigned mismatch
C:\Users\orhan\Documents\GitHub\AuthExtended\source\Parless.cpp(592,27): warning C4018: '<': signed/unsigned mismatch
D:\Program Files\Microsoft Visual Studio\2022\Community\VC\Tools\MSVC\14.33.31629\include\xstring(2824,53): warning C4244: 'argument': conversion from 'wchar_t' to 'const _Elem', possible loss of data
          with
          [
              _Elem=char
          ]
D:\Program Files\Microsoft Visual Studio\2022\Community\VC\Tools\MSVC\14.33.31629\include\xstring(2664): message : see reference to function template instantiation 'void std::basic_string<char,std::char_traits<char>,std::allocator<char>>::_Construct_from_iter<wchar_t*>(_Iter,const _Iter)' being compiled
          with
          [
              _Iter=wchar_t *
          ]
D:\Program Files\Microsoft Visual Studio\2022\Community\VC\Tools\MSVC\14.33.31629\include\xstring(2664): message : see reference to function template instantiation 'void std::basic_string<char,std::char_traits<char>,std::allocator<char>>::_Construct_from_iter<wchar_t*>(_Iter,const _Iter)' being compiled
          with
          [
              _Iter=wchar_t *
          ]
C:\Users\orhan\Documents\GitHub\AuthExtended\source\Parless.cpp(640): message : see reference to function template instantiation 'std::basic_string<char,std::char_traits<char>,std::allocator<char>>::basic_string<std::_String_iterator<std::_String_val<std::_Simple_types<_Elem>>>,0>(_Iter,_Iter,const _Alloc &)' being compiled
          with
          [
              _Elem=wchar_t,
              _Iter=std::_String_iterator<std::_String_val<std::_Simple_types<wchar_t>>>,
              _Alloc=std::allocator<char>
          ]
C:\Users\orhan\Documents\GitHub\AuthExtended\source\Parless.cpp(640): message : see reference to function template instantiation 'std::basic_string<char,std::char_traits<char>,std::allocator<char>>::basic_string<std::_String_iterator<std::_String_val<std::_Simple_types<_Elem>>>,0>(_Iter,_Iter,const _Alloc &)' being compiled
          with
          [
              _Elem=wchar_t,
              _Iter=std::_String_iterator<std::_String_val<std::_Simple_types<wchar_t>>>,
              _Alloc=std::allocator<char>
          ]
C:\Users\orhan\Documents\GitHub\AuthExtended\source\StringHelpers.h(6,13): warning C4505: 'startsWith': unreferenced function with internal linkage has been removed
C:\Users\orhan\Documents\GitHub\AuthExtended\source\StringHelpers.h(58,12): warning C4505: 'lastIndexOf': unreferenced function with internal linkage has been removed
C:\Users\orhan\Documents\GitHub\AuthExtended\source\StringHelpers.h(68,12): warning C4505: 'nthIndexOf': unreferenced function with internal linkage has been removed
C:\Users\orhan\Documents\GitHub\AuthExtended\source\StringHelpers.h(103,15): warning C4505: 'replaceEnd': unreferenced function with internal linkage has been removed
C:\Users\orhan\Documents\GitHub\AuthExtended\source\StringHelpers.h(155,15): warning C4505: 'basenameNoExt': unreferenced function with internal linkage has been removed
C:\Users\orhan\Documents\GitHub\AuthExtended\source\StringHelpers.h(167,15): warning C4505: 'headname': unreferenced function with internal linkage has been removed
  Globals.cpp
C:\Users\orhan\Documents\GitHub\AuthExtended\source\StringHelpers.h(8,31): warning C4267: 'initializing': conversion from 'size_t' to 'int', possible loss of data
C:\Users\orhan\Documents\GitHub\AuthExtended\source\StringHelpers.h(9,31): warning C4267: 'initializing': conversion from 'size_t' to 'int', possible loss of data
C:\Users\orhan\Documents\GitHub\AuthExtended\source\StringHelpers.h(19,31): warning C4267: 'initializing': conversion from 'size_t' to 'int', possible loss of data
C:\Users\orhan\Documents\GitHub\AuthExtended\source\StringHelpers.h(20,31): warning C4267: 'initializing': conversion from 'size_t' to 'int', possible loss of data
C:\Users\orhan\Documents\GitHub\AuthExtended\source\StringHelpers.h(33,13): warning C4267: 'return': conversion from 'size_t' to 'int', possible loss of data
C:\Users\orhan\Documents\GitHub\AuthExtended\source\StringHelpers.h(43,13): warning C4267: 'return': conversion from 'size_t' to 'int', possible loss of data
C:\Users\orhan\Documents\GitHub\AuthExtended\source\StringHelpers.h(50,26): warning C4267: 'initializing': conversion from 'size_t' to 'int', possible loss of data
C:\Users\orhan\Documents\GitHub\AuthExtended\source\StringHelpers.h(60,31): warning C4267: 'initializing': conversion from 'size_t' to 'int', possible loss of data
C:\Users\orhan\Documents\GitHub\AuthExtended\source\StringHelpers.h(76,44): warning C4267: '=': conversion from 'size_t' to 'int', possible loss of data
C:\Users\orhan\Documents\GitHub\AuthExtended\source\StringHelpers.h(123,13): warning C4245: '=': conversion from 'int' to 'size_t', signed/unsigned mismatch
C:\Users\orhan\Documents\GitHub\AuthExtended\source\StringHelpers.h(140,16): warning C4245: '=': conversion from 'int' to 'size_t', signed/unsigned mismatch
C:\Users\orhan\Documents\GitHub\AuthExtended\source\StringHelpers.h(212,27): warning C4267: '=': conversion from 'size_t' to '_Ty', possible loss of data
          with
          [
              _Ty=int
          ]
C:\Users\orhan\Documents\GitHub\AuthExtended\source\Utils\PatternScan.h(7,11): warning C4189: 'instruction_end': local variable is initialized but not referenced
D:\Program Files\Microsoft Visual Studio\2022\Community\VC\Tools\MSVC\14.33.31629\include\xstring(2824,53): warning C4244: 'argument': conversion from 'wchar_t' to 'const _Elem', possible loss of data
          with
          [
              _Elem=char
          ]
D:\Program Files\Microsoft Visual Studio\2022\Community\VC\Tools\MSVC\14.33.31629\include\xstring(2664): message : see reference to function template instantiation 'void std::basic_string<char,std::char_traits<char>,std::allocator<char>>::_Construct_from_iter<wchar_t*>(_Iter,const _Iter)' being compiled
          with
          [
              _Iter=wchar_t *
          ]
D:\Program Files\Microsoft Visual Studio\2022\Community\VC\Tools\MSVC\14.33.31629\include\xstring(2664): message : see reference to function template instantiation 'void std::basic_string<char,std::char_traits<char>,std::allocator<char>>::_Construct_from_iter<wchar_t*>(_Iter,const _Iter)' being compiled
          with
          [
              _Iter=wchar_t *
          ]
C:\Users\orhan\Documents\GitHub\AuthExtended\build\Globals.h(36): message : see reference to function template instantiation 'std::basic_string<char,std::char_traits<char>,std::allocator<char>>::basic_string<std::_String_iterator<std::_String_val<std::_Simple_types<_Elem>>>,0>(_Iter,_Iter,const _Alloc &)' being compiled
          with
          [
              _Elem=wchar_t,
              _Iter=std::_String_iterator<std::_String_val<std::_Simple_types<wchar_t>>>,
              _Alloc=std::allocator<char>
          ]
C:\Users\orhan\Documents\GitHub\AuthExtended\build\Globals.h(36): message : see reference to function template instantiation 'std::basic_string<char,std::char_traits<char>,std::allocator<char>>::basic_string<std::_String_iterator<std::_String_val<std::_Simple_types<_Elem>>>,0>(_Iter,_Iter,const _Alloc &)' being compiled
          with
          [
              _Elem=wchar_t,
              _Iter=std::_String_iterator<std::_String_val<std::_Simple_types<wchar_t>>>,
              _Alloc=std::allocator<char>
          ]
C:\Users\orhan\Documents\GitHub\AuthExtended\source\StringHelpers.h(6,13): warning C4505: 'startsWith': unreferenced function with internal linkage has been removed
C:\Users\orhan\Documents\GitHub\AuthExtended\source\StringHelpers.h(28,12): warning C4505: 'firstIndexOf': unreferenced function with internal linkage has been removed
C:\Users\orhan\Documents\GitHub\AuthExtended\source\StringHelpers.h(58,12): warning C4505: 'lastIndexOf': unreferenced function with internal linkage has been removed
C:\Users\orhan\Documents\GitHub\AuthExtended\source\StringHelpers.h(68,12): warning C4505: 'nthIndexOf': unreferenced function with internal linkage has been removed
C:\Users\orhan\Documents\GitHub\AuthExtended\source\StringHelpers.h(103,15): warning C4505: 'replaceEnd': unreferenced function with internal linkage has been removed
C:\Users\orhan\Documents\GitHub\AuthExtended\source\StringHelpers.h(115,15): warning C4505: 'pathWithoutFilename': unreferenced function with internal linkage has been removed
C:\Users\orhan\Documents\GitHub\AuthExtended\source\StringHelpers.h(155,15): warning C4505: 'basenameNoExt': unreferenced function with internal linkage has been removed
C:\Users\orhan\Documents\GitHub\AuthExtended\source\StringHelpers.h(167,15): warning C4505: 'headname': unreferenced function with internal linkage has been removed
C:\Users\orhan\Documents\GitHub\AuthExtended\source\StringHelpers.h(189,20): warning C4505: 'splitPath': unreferenced function with internal linkage has been removed
     Creating library bin\Win64\Release\AuthExtended.lib and object bin\Win64\Release\AuthExtended.exp
  Generating code
  2 of 865 functions ( 0.2%) were compiled, the rest were copied from previous compilation.
    0 functions were new in current compilation
    2 functions had inline decision re-evaluated but remain unchanged
  Finished generating code
  AuthExtended.vcxproj -> C:\Users\orhan\Documents\GitHub\AuthExtended\build\bin\Win64\Release\AuthExtended.asi
